<?xml version="1.0" encoding="UTF-8"?>
<coverage generated="1520938358331" clover="3.2.0">
  <project timestamp="1520938358340" name="All files">
    <metrics statements="18" coveredstatements="17" conditionals="7" coveredconditionals="5" methods="7" coveredmethods="6" elements="32" coveredelements="28" complexity="0" loc="18" ncloc="18" packages="5" files="7" classes="7">
      <package name="src.Components.Counter">
        <metrics statements="5" coveredstatements="4" conditionals="0" coveredconditionals="0" methods="4" coveredmethods="3"/>
        <file name="index.js" path="/home/evans/Projects/react/react-js-bolierplate/src/Components/Counter/index.js">
          <metrics statements="5" coveredstatements="4" conditionals="0" coveredconditionals="0" methods="4" coveredmethods="3"/>
          <line num="7" count="3" type="stmt"/>
          <line num="8" count="3" type="stmt"/>
          <line num="14" count="3" type="stmt"/>
          <line num="15" count="0" type="stmt"/>
          <line num="22" count="3" type="stmt"/>
        </file>
      </package>
      <package name="src.Containers.App">
        <metrics statements="1" coveredstatements="1" conditionals="0" coveredconditionals="0" methods="1" coveredmethods="1"/>
        <file name="index.js" path="/home/evans/Projects/react/react-js-bolierplate/src/Containers/App/index.js">
          <metrics statements="1" coveredstatements="1" conditionals="0" coveredconditionals="0" methods="1" coveredmethods="1"/>
          <line num="11" count="2" type="stmt"/>
        </file>
      </package>
      <package name="src.Store">
        <metrics statements="2" coveredstatements="2" conditionals="0" coveredconditionals="0" methods="0" coveredmethods="0"/>
        <file name="configureStore.js" path="/home/evans/Projects/react/react-js-bolierplate/src/Store/configureStore.js">
          <metrics statements="1" coveredstatements="1" conditionals="0" coveredconditionals="0" methods="0" coveredmethods="0"/>
          <line num="5" count="1" type="stmt"/>
        </file>
        <file name="rootReducer.js" path="/home/evans/Projects/react/react-js-bolierplate/src/Store/rootReducer.js">
          <metrics statements="1" coveredstatements="1" conditionals="0" coveredconditionals="0" methods="0" coveredmethods="0"/>
          <line num="5" count="1" type="stmt"/>
        </file>
      </package>
      <package name="src.Store.Shared">
        <metrics statements="9" coveredstatements="9" conditionals="7" coveredconditionals="5" methods="2" coveredmethods="2"/>
        <file name="actionTypes.js" path="/home/evans/Projects/react/react-js-bolierplate/src/Store/Shared/actionTypes.js">
          <metrics statements="1" coveredstatements="1" conditionals="0" coveredconditionals="0" methods="0" coveredmethods="0"/>
          <line num="1" count="2" type="stmt"/>
        </file>
        <file name="reducers.js" path="/home/evans/Projects/react/react-js-bolierplate/src/Store/Shared/reducers.js">
          <metrics statements="8" coveredstatements="8" conditionals="7" coveredconditionals="5" methods="2" coveredmethods="2"/>
          <line num="5" count="2" type="stmt"/>
          <line num="7" count="2" type="cond" truecount="1" falsecount="1"/>
          <line num="8" count="8" type="cond" truecount="2" falsecount="0"/>
          <line num="10" count="1" type="stmt"/>
          <line num="16" count="7" type="stmt"/>
          <line num="19" count="2" type="cond" truecount="1" falsecount="1"/>
          <line num="20" count="7" type="cond" truecount="1" falsecount="0"/>
          <line num="22" count="7" type="stmt"/>
        </file>
      </package>
      <package name="tools">
        <metrics statements="1" coveredstatements="1" conditionals="0" coveredconditionals="0" methods="0" coveredmethods="0"/>
        <file name="enzymeTestAdapterSetup.js" path="/home/evans/Projects/react/react-js-bolierplate/tools/enzymeTestAdapterSetup.js">
          <metrics statements="1" coveredstatements="1" conditionals="0" coveredconditionals="0" methods="0" coveredmethods="0"/>
          <line num="4" count="4" type="stmt"/>
        </file>
      </package>
    </metrics>
  </project>
</coverage>
