{"/home/evans/Projects/react/react-js-bolierplate/src/Components/Counter/index.js": {"path":"/home/evans/Projects/react/react-js-bolierplate/src/Components/Counter/index.js","statementMap":{"0":{"start":{"line":7,"column":2},"end":{"line":7,"column":9}},"1":{"start":{"line":8,"column":2},"end":{"line":10,"column":3}},"2":{"start":{"line":14,"column":2},"end":{"line":19,"column":10}},"3":{"start":{"line":15,"column":3},"end":{"line":18,"column":5}},"4":{"start":{"line":22,"column":2},"end":{"line":28,"column":3}}},"fnMap":{"0":{"name":"(anonymous_0)","decl":{"start":{"line":6,"column":1},"end":{"line":6,"column":2}},"loc":{"start":{"line":6,"column":15},"end":{"line":11,"column":2}},"line":6},"1":{"name":"(anonymous_1)","decl":{"start":{"line":13,"column":1},"end":{"line":13,"column":2}},"loc":{"start":{"line":13,"column":21},"end":{"line":20,"column":2}},"line":13},"2":{"name":"(anonymous_2)","decl":{"start":{"line":14,"column":14},"end":{"line":14,"column":15}},"loc":{"start":{"line":14,"column":20},"end":{"line":19,"column":3}},"line":14},"3":{"name":"(anonymous_3)","decl":{"start":{"line":21,"column":1},"end":{"line":21,"column":2}},"loc":{"start":{"line":21,"column":10},"end":{"line":29,"column":2}},"line":21}},"branchMap":{},"s":{"0":3,"1":3,"2":3,"3":0,"4":3},"f":{"0":3,"1":3,"2":0,"3":3},"b":{},"_coverageSchema":"332fd63041d2c1bcb487cc26dd0d5f7d97098a6c","hash":"03cf55f3ee09cbc23f6cd8a4e01367f8402a1853"}
,"/home/evans/Projects/react/react-js-bolierplate/src/Containers/App/index.js": {"path":"/home/evans/Projects/react/react-js-bolierplate/src/Containers/App/index.js","statementMap":{"0":{"start":{"line":11,"column":2},"end":{"line":14,"column":3}}},"fnMap":{"0":{"name":"(anonymous_0)","decl":{"start":{"line":10,"column":1},"end":{"line":10,"column":2}},"loc":{"start":{"line":10,"column":10},"end":{"line":15,"column":2}},"line":10}},"branchMap":{},"s":{"0":2},"f":{"0":2},"b":{},"_coverageSchema":"332fd63041d2c1bcb487cc26dd0d5f7d97098a6c","hash":"557f6e31884094970f72ed76362047ab5660e508"}
,"/home/evans/Projects/react/react-js-bolierplate/src/Store/configureStore.js": {"path":"/home/evans/Projects/react/react-js-bolierplate/src/Store/configureStore.js","statementMap":{"0":{"start":{"line":5,"column":14},"end":{"line":5,"column":62}}},"fnMap":{},"branchMap":{},"s":{"0":1},"f":{},"b":{},"_coverageSchema":"332fd63041d2c1bcb487cc26dd0d5f7d97098a6c","hash":"2784d60595eef1f7a578fb44a9792c4c934862d7"}
,"/home/evans/Projects/react/react-js-bolierplate/src/Store/rootReducer.js": {"path":"/home/evans/Projects/react/react-js-bolierplate/src/Store/rootReducer.js","statementMap":{"0":{"start":{"line":5,"column":20},"end":{"line":7,"column":2}}},"fnMap":{},"branchMap":{},"s":{"0":1},"f":{},"b":{},"_coverageSchema":"332fd63041d2c1bcb487cc26dd0d5f7d97098a6c","hash":"460feba1829389a1663c2ce8e7cd5f13ae66273a"}
,"/home/evans/Projects/react/react-js-bolierplate/src/Store/Shared/actionTypes.js": {"path":"/home/evans/Projects/react/react-js-bolierplate/src/Store/Shared/actionTypes.js","statementMap":{"0":{"start":{"line":1,"column":34},"end":{"line":1,"column":61}}},"fnMap":{},"branchMap":{},"s":{"0":2},"f":{},"b":{},"_coverageSchema":"332fd63041d2c1bcb487cc26dd0d5f7d97098a6c","hash":"0345c6c04bca62658a6c5668ee84302860dd5c85"}
,"/home/evans/Projects/react/react-js-bolierplate/src/Store/Shared/reducers.js": {"path":"/home/evans/Projects/react/react-js-bolierplate/src/Store/Shared/reducers.js","statementMap":{"0":{"start":{"line":5,"column":21},"end":{"line":5,"column":34}},"1":{"start":{"line":7,"column":34},"end":{"line":18,"column":1}},"2":{"start":{"line":8,"column":1},"end":{"line":17,"column":2}},"3":{"start":{"line":10,"column":2},"end":{"line":13,"column":3}},"4":{"start":{"line":16,"column":2},"end":{"line":16,"column":14}},"5":{"start":{"line":19,"column":35},"end":{"line":24,"column":1}},"6":{"start":{"line":20,"column":1},"end":{"line":23,"column":2}},"7":{"start":{"line":22,"column":2},"end":{"line":22,"column":14}}},"fnMap":{"0":{"name":"(anonymous_0)","decl":{"start":{"line":7,"column":34},"end":{"line":7,"column":35}},"loc":{"start":{"line":7,"column":73},"end":{"line":18,"column":1}},"line":7},"1":{"name":"(anonymous_1)","decl":{"start":{"line":19,"column":35},"end":{"line":19,"column":36}},"loc":{"start":{"line":19,"column":74},"end":{"line":24,"column":1}},"line":19}},"branchMap":{"0":{"loc":{"start":{"line":7,"column":35},"end":{"line":7,"column":55}},"type":"default-arg","locations":[{"start":{"line":7,"column":43},"end":{"line":7,"column":55}}],"line":7},"1":{"loc":{"start":{"line":7,"column":57},"end":{"line":7,"column":68}},"type":"default-arg","locations":[{"start":{"line":7,"column":66},"end":{"line":7,"column":68}}],"line":7},"2":{"loc":{"start":{"line":8,"column":1},"end":{"line":17,"column":2}},"type":"switch","locations":[{"start":{"line":9,"column":1},"end":{"line":13,"column":3}},{"start":{"line":15,"column":1},"end":{"line":16,"column":14}}],"line":8},"3":{"loc":{"start":{"line":19,"column":36},"end":{"line":19,"column":56}},"type":"default-arg","locations":[{"start":{"line":19,"column":44},"end":{"line":19,"column":56}}],"line":19},"4":{"loc":{"start":{"line":19,"column":58},"end":{"line":19,"column":69}},"type":"default-arg","locations":[{"start":{"line":19,"column":67},"end":{"line":19,"column":69}}],"line":19},"5":{"loc":{"start":{"line":20,"column":1},"end":{"line":23,"column":2}},"type":"switch","locations":[{"start":{"line":21,"column":1},"end":{"line":22,"column":14}}],"line":20}},"s":{"0":2,"1":2,"2":8,"3":1,"4":7,"5":2,"6":7,"7":7},"f":{"0":8,"1":7},"b":{"0":[7],"1":[0],"2":[1,7],"3":[7],"4":[0],"5":[7]},"_coverageSchema":"332fd63041d2c1bcb487cc26dd0d5f7d97098a6c","hash":"23cb66b9ab73623fffe37c48906c32b84d964f37"}
,"/home/evans/Projects/react/react-js-bolierplate/tools/enzymeTestAdapterSetup.js": {"path":"/home/evans/Projects/react/react-js-bolierplate/tools/enzymeTestAdapterSetup.js","statementMap":{"0":{"start":{"line":4,"column":0},"end":{"line":4,"column":37}}},"fnMap":{},"branchMap":{},"s":{"0":4},"f":{},"b":{},"_coverageSchema":"332fd63041d2c1bcb487cc26dd0d5f7d97098a6c","hash":"16cf37c2bd9cc2ba57f4f551fd7896b2e6c8fa3a"}
}
