TN:
SF:/home/evans/Projects/react/react-js-bolierplate/src/Components/Counter/index.js
FN:6,(anonymous_0)
FN:13,(anonymous_1)
FN:14,(anonymous_2)
FN:21,(anonymous_3)
FNF:4
FNH:3
FNDA:3,(anonymous_0)
FNDA:3,(anonymous_1)
FNDA:0,(anonymous_2)
FNDA:3,(anonymous_3)
DA:7,3
DA:8,3
DA:14,3
DA:15,0
DA:22,3
LF:5
LH:4
BRF:0
BRH:0
end_of_record
TN:
SF:/home/evans/Projects/react/react-js-bolierplate/src/Containers/App/index.js
FN:10,(anonymous_0)
FNF:1
FNH:1
FNDA:2,(anonymous_0)
DA:11,2
LF:1
LH:1
BRF:0
BRH:0
end_of_record
TN:
SF:/home/evans/Projects/react/react-js-bolierplate/src/Store/configureStore.js
FNF:0
FNH:0
DA:5,1
LF:1
LH:1
BRF:0
BRH:0
end_of_record
TN:
SF:/home/evans/Projects/react/react-js-bolierplate/src/Store/rootReducer.js
FNF:0
FNH:0
DA:5,1
LF:1
LH:1
BRF:0
BRH:0
end_of_record
TN:
SF:/home/evans/Projects/react/react-js-bolierplate/src/Store/Shared/actionTypes.js
FNF:0
FNH:0
DA:1,2
LF:1
LH:1
BRF:0
BRH:0
end_of_record
TN:
SF:/home/evans/Projects/react/react-js-bolierplate/src/Store/Shared/reducers.js
FN:7,(anonymous_0)
FN:19,(anonymous_1)
FNF:2
FNH:2
FNDA:8,(anonymous_0)
FNDA:7,(anonymous_1)
DA:5,2
DA:7,2
DA:8,8
DA:10,1
DA:16,7
DA:19,2
DA:20,7
DA:22,7
LF:8
LH:8
BRDA:7,0,0,7
BRDA:7,1,0,0
BRDA:8,2,0,1
BRDA:8,2,1,7
BRDA:19,3,0,7
BRDA:19,4,0,0
BRDA:20,5,0,7
BRF:7
BRH:5
end_of_record
TN:
SF:/home/evans/Projects/react/react-js-bolierplate/tools/enzymeTestAdapterSetup.js
FNF:0
FNH:0
DA:4,4
LF:1
LH:1
BRF:0
BRH:0
end_of_record
